<?xml version="1.0" encoding="UTF-8"?>
<testsuite xmlns:xsi="http://www.w3.org/2001/XMLSchema-instance" xsi:noNamespaceSchemaLocation="https://maven.apache.org/surefire/maven-surefire-plugin/xsd/surefire-test-report.xsd" name="com.baeldung.opentelemetry.controller.ProductControllerUnitTest" time="13.189" tests="3" errors="0" skipped="0" failures="0">
  <properties>
[...]
</properties>
  <testcase name="givenPriceServiceNotAvailable_whenGetProductCalled_thenReturnInternalServerError" classname="com.baeldung.opentelemetry.controller.ProductControllerUnitTest" time="3.016"/>
  <testcase name="givenProductandPriceDataAvailable_whenGetProductCalled_thenReturnProductDetails" classname="com.baeldung.opentelemetry.controller.ProductControllerUnitTest" time="1.954"/>
  <testcase name="givenProductNotFound_whenGetProductCalled_thenReturnInternalServerError" classname="com.baeldung.opentelemetry.controller.ProductControllerUnitTest" time="2.387"/>
</testsuite>